<?xml version="1.0" encoding="UTF-8"?>
<testsuite name="com.andriyuk.backendtest.account.v0_1.service.AccountServiceTest" tests="4" skipped="0" failures="0" errors="0" timestamp="2019-12-06T14:46:55" hostname="instance-1" time="0.191">
  <properties/>
  <testcase name="addTest()" classname="com.andriyuk.backendtest.account.v0_1.service.AccountServiceTest" time="0.107"/>
  <testcase name="accountChangedCheckTest()" classname="com.andriyuk.backendtest.account.v0_1.service.AccountServiceTest" time="0.017"/>
  <testcase name="closeTest()" classname="com.andriyuk.backendtest.account.v0_1.service.AccountServiceTest" time="0.042"/>
  <testcase name="getByInvalidIdTest()" classname="com.andriyuk.backendtest.account.v0_1.service.AccountServiceTest" time="0.013"/>
  <system-out><![CDATA[?[36m14:46:55.757?[0;39m ?[1;30m[Test worker]?[0;39m ?[34mINFO ?[0;39m ?[35mi.m.context.env.DefaultEnvironment?[0;39m - Established active environments: [test, gcp, cloud]
?[36m14:46:55.999?[0;39m ?[1;30m[Test worker]?[0;39m ?[34mINFO ?[0;39m ?[35mcom.zaxxer.hikari.HikariDataSource?[0;39m - HikariPool-5 - Starting...
?[36m14:46:56.005?[0;39m ?[1;30m[Test worker]?[0;39m ?[34mINFO ?[0;39m ?[35mcom.zaxxer.hikari.HikariDataSource?[0;39m - HikariPool-5 - Start completed.
?[36m14:46:56.006?[0;39m ?[1;30m[Test worker]?[0;39m ?[34mINFO ?[0;39m ?[35mi.m.c.jdbc.hikari.DatasourceFactory?[0;39m - Could not wire metrics to HikariCP as there is no class of type MeterRegistry on the classpath, io.micronaut.configuration:micrometer-core library missing.
?[36m14:46:56.008?[0;39m ?[1;30m[Test worker]?[0;39m ?[34mINFO ?[0;39m ?[35mo.f.c.i.database.DatabaseFactory?[0;39m - Database: jdbc:h2:mem:test (H2 1.4)
?[36m14:46:56.010?[0;39m ?[1;30m[Test worker]?[0;39m ?[31mWARN ?[0;39m ?[35mo.f.c.i.database.base.Database?[0;39m - Flyway upgrade recommended: H2 1.4.199 is newer than this version of Flyway and support has not been tested.
?[36m14:46:56.039?[0;39m ?[1;30m[Test worker]?[0;39m ?[34mINFO ?[0;39m ?[35mo.f.core.internal.command.DbValidate?[0;39m - Successfully validated 2 migrations (execution time 00:00.012s)
?[36m14:46:56.065?[0;39m ?[1;30m[Test worker]?[0;39m ?[34mINFO ?[0;39m ?[35mo.f.core.internal.command.DbMigrate?[0;39m - Current version of schema "PUBLIC": 1
?[36m14:46:56.066?[0;39m ?[1;30m[Test worker]?[0;39m ?[34mINFO ?[0;39m ?[35mo.f.core.internal.command.DbMigrate?[0;39m - Schema "PUBLIC" is up to date. No migration necessary.
?[36m14:46:56.185?[0;39m ?[1;30m[Test worker]?[0;39m ?[34mINFO ?[0;39m ?[35mcom.zaxxer.hikari.HikariDataSource?[0;39m - HikariPool-5 - Shutdown initiated...
?[36m14:46:56.194?[0;39m ?[1;30m[Test worker]?[0;39m ?[34mINFO ?[0;39m ?[35mcom.zaxxer.hikari.HikariDataSource?[0;39m - HikariPool-5 - Shutdown completed.
]]></system-out>
  <system-err><![CDATA[]]></system-err>
</testsuite>
