<?xml version="1.0" encoding="UTF-8"?>
<testsuite name="com.andriyuk.backendtest.account.v0_1.service.ConcurrencyTest" tests="1" skipped="0" failures="0" errors="0" timestamp="2019-12-06T14:46:50" hostname="instance-1" time="3.203">
  <properties/>
  <testcase name="concurrentTransferTest()" classname="com.andriyuk.backendtest.account.v0_1.service.ConcurrencyTest" time="3.203"/>
  <system-out><![CDATA[?[36m14:46:48.053?[0;39m ?[1;30m[Test worker]?[0;39m ?[34mINFO ?[0;39m ?[35mi.m.context.env.DefaultEnvironment?[0;39m - Established active environments: [test, gcp, cloud]
?[36m14:46:51.048?[0;39m ?[1;30m[Test worker]?[0;39m ?[34mINFO ?[0;39m ?[35mcom.zaxxer.hikari.HikariDataSource?[0;39m - HikariPool-1 - Starting...
?[36m14:46:51.401?[0;39m ?[1;30m[Test worker]?[0;39m ?[34mINFO ?[0;39m ?[35mcom.zaxxer.hikari.HikariDataSource?[0;39m - HikariPool-1 - Start completed.
?[36m14:46:51.403?[0;39m ?[1;30m[Test worker]?[0;39m ?[34mINFO ?[0;39m ?[35mi.m.c.jdbc.hikari.DatasourceFactory?[0;39m - Could not wire metrics to HikariCP as there is no class of type MeterRegistry on the classpath, io.micronaut.configuration:micrometer-core library missing.
?[36m14:46:51.413?[0;39m ?[1;30m[Test worker]?[0;39m ?[34mINFO ?[0;39m ?[35mo.f.c.i.license.VersionPrinter?[0;39m - Flyway Community Edition 5.2.1 by Boxfuse
?[36m14:46:51.509?[0;39m ?[1;30m[Test worker]?[0;39m ?[34mINFO ?[0;39m ?[35mo.f.c.i.database.DatabaseFactory?[0;39m - Database: jdbc:h2:mem:test (H2 1.4)
?[36m14:46:51.555?[0;39m ?[1;30m[Test worker]?[0;39m ?[31mWARN ?[0;39m ?[35mo.f.c.i.database.base.Database?[0;39m - Flyway upgrade recommended: H2 1.4.199 is newer than this version of Flyway and support has not been tested.
?[36m14:46:51.709?[0;39m ?[1;30m[Test worker]?[0;39m ?[34mINFO ?[0;39m ?[35mo.f.core.internal.command.DbValidate?[0;39m - Successfully validated 2 migrations (execution time 00:00.053s)
?[36m14:46:51.740?[0;39m ?[1;30m[Test worker]?[0;39m ?[34mINFO ?[0;39m ?[35mo.f.c.i.s.JdbcTableSchemaHistory?[0;39m - Creating Schema History table: "PUBLIC"."flyway_schema_history"
?[36m14:46:51.812?[0;39m ?[1;30m[Test worker]?[0;39m ?[34mINFO ?[0;39m ?[35mo.f.core.internal.command.DbMigrate?[0;39m - Current version of schema "PUBLIC": << Empty Schema >>
?[36m14:46:51.818?[0;39m ?[1;30m[Test worker]?[0;39m ?[34mINFO ?[0;39m ?[35mo.f.core.internal.command.DbMigrate?[0;39m - Migrating schema "PUBLIC" to version 1 - schema creation
?[36m14:46:51.899?[0;39m ?[1;30m[Test worker]?[0;39m ?[34mINFO ?[0;39m ?[35mo.f.core.internal.command.DbMigrate?[0;39m - Migrating schema "PUBLIC" with repeatable migration test data
?[36m14:46:51.934?[0;39m ?[1;30m[Test worker]?[0;39m ?[34mINFO ?[0;39m ?[35mo.f.core.internal.command.DbMigrate?[0;39m - Successfully applied 2 migrations to schema "PUBLIC" (execution time 00:00.202s)
?[36m14:46:52.510?[0;39m ?[1;30m[Test worker]?[0;39m ?[34mINFO ?[0;39m ?[35morg.jooq.Constants?[0;39m - 
                                      
@@@@@@@@@@@@@@@@@@@@@@@@@@@@@@@@@@@@@@
@@@@@@@@@@@@@@@@@@@@@@@@@@@@@@@@@@@@@@
@@@@@@@@@@@@@@@@  @@        @@@@@@@@@@
@@@@@@@@@@@@@@@@@@@@        @@@@@@@@@@
@@@@@@@@@@@@@@@@  @@  @@    @@@@@@@@@@
@@@@@@@@@@  @@@@  @@  @@    @@@@@@@@@@
@@@@@@@@@@        @@        @@@@@@@@@@
@@@@@@@@@@@@@@@@@@@@@@@@@@@@@@@@@@@@@@
@@@@@@@@@@@@@@@@@@@@@@@@@@@@@@@@@@@@@@
@@@@@@@@@@        @@        @@@@@@@@@@
@@@@@@@@@@    @@  @@  @@@@  @@@@@@@@@@
@@@@@@@@@@    @@  @@  @@@@  @@@@@@@@@@
@@@@@@@@@@        @@  @  @  @@@@@@@@@@
@@@@@@@@@@        @@        @@@@@@@@@@
@@@@@@@@@@@@@@@@@@@@@@@  @@@@@@@@@@@@@
@@@@@@@@@@@@@@@@@@@@@@@@@@@@@@@@@@@@@@
@@@@@@@@@@@@@@@@@@@@@@@@@@@@@@@@@@@@@@  Thank you for using jOOQ 3.11.11
                                      
?[36m14:46:54.229?[0;39m ?[1;30m[Test worker]?[0;39m ?[34mINFO ?[0;39m ?[35mcom.zaxxer.hikari.HikariDataSource?[0;39m - HikariPool-1 - Shutdown initiated...
?[36m14:46:54.249?[0;39m ?[1;30m[Test worker]?[0;39m ?[34mINFO ?[0;39m ?[35mcom.zaxxer.hikari.HikariDataSource?[0;39m - HikariPool-1 - Shutdown completed.
]]></system-out>
  <system-err><![CDATA[Exception in thread "Thread-6" java.lang.IllegalStateException: Account with id "3" has been changed elsewhere. Unable to perform requested operation.
	at com.andriyuk.backendtest.account.v0_1.service.AccountService.checkAccountChanged(AccountService.java:161)
	at com.andriyuk.backendtest.account.v0_1.service.WithdrawalService.create(WithdrawalService.java:48)
	at com.andriyuk.backendtest.account.v0_1.service.TransferService.lambda$create$0(TransferService.java:53)
	at com.andriyuk.backendtest.account.v0_1.service.transaction.TransactionTemplate.lambda$execute$1(TransactionTemplate.java:23)
	at org.jooq.impl.DefaultDSLContext$3.run(DefaultDSLContext.java:594)
	at org.jooq.impl.DefaultDSLContext$3.run(DefaultDSLContext.java:591)
	at org.jooq.impl.DefaultDSLContext.lambda$transactionResult0$0(DefaultDSLContext.java:522)
	at org.jooq.impl.Tools$10$1.block(Tools.java:4509)
	at java.base/java.util.concurrent.ForkJoinPool.managedBlock(ForkJoinPool.java:3128)
	at org.jooq.impl.Tools$10.get(Tools.java:4506)
	at org.jooq.impl.DefaultDSLContext.transactionResult0(DefaultDSLContext.java:574)
	at org.jooq.impl.DefaultDSLContext.transactionResult(DefaultDSLContext.java:491)
	at org.jooq.impl.DefaultDSLContext.transaction(DefaultDSLContext.java:591)
	at com.andriyuk.backendtest.account.v0_1.service.transaction.TransactionTemplate.execute(TransactionTemplate.java:23)
	at com.andriyuk.backendtest.account.v0_1.service.TransferService.create(TransferService.java:33)
	at com.andriyuk.backendtest.account.v0_1.service.ConcurrencyTestTransferService.waitForWithdrawAndTransfer(ConcurrencyTestTransferService.java:64)
	at com.andriyuk.backendtest.account.v0_1.service.ConcurrencyTest.lambda$concurrentTransferTest$1(ConcurrencyTest.java:47)
	at java.base/java.lang.Thread.run(Thread.java:834)
]]></system-err>
</testsuite>
